public enum MASTDataSet:String, CaseIterable, Identifiable {
 case HST tables /*  */
case hst /* Hubble Space Telescope */
case hsc_sum /* Hubble Source Catalog Summary table */
case hsc /* Hubble Source Catalog Detailed table */
case kepler tables /*  */
case kepler data /* Data search (kepler/data_search) */
case kepler_fov /* Target search,replaces kepler_fov_enh (kepler/kepler_fov) */
case kic10 /* Kepler Input Catalog (kepler/kic10) */
case kgmatch /* Kepler/Galex Cross match (kepler/kgmatch) */
case kepler KOI planets /* Kepler Confirmed Planets (with KOI-based data) (kepler/confirmed_planets) */
case kepler published planets /* Kepler Confirmed Planets (with published data) (kepler/published_planets) */
case KOI /* Kepler Objects of Interest (kepler/koi) */
case ffi /* FFIs (kepler/ffi) */
case k2 tables /*  */
case epic /* Ecliptic Plane Input Catalog (k2/epic) */
case k2 data /* Data Search (k2/data_search) */
case k2 planets /* K2 planets (k2/published_planets) */
case ffi /* FFIs (k2/ffi) */
case iue /* International Ultraviolet Explorer */
case hut /* Hopkins Ultraviolet Telescope */
case euve /* Extreme Ultraviolet Explorer */
case fuse /* Far-UV Spectroscopic Explorer */
case uit /* Ultraviolet Imageing Telescope */
case wuppe /* Wisconsin UV Photo-Polarimeter Explorer */
case befs /* Berkeley Extreme and Far-UV */
case tues /* Tübingen Echelle Spectrograph */
case imaps /* Interstellar Medium Absorption Profile Spectrograph */
case hlsp /* High Level Science Products */
case pointings /* HST Image Data grouped by position */
case copernicus /* Copernicus Satellite */
case hpol /* ground based spetropolarimater */
case vlafirst /* VLA Faint Images of the Radio Sky (21-cm) */
case xmm-om /* X-ray Multi-Mirror Telescope Optical Monitor */
case swift_uvot /* Swift UV/optical Telescope */ 

 public var description:String {
switch self {
 case .HST tables: return ""
case .hst: return "Hubble Space Telescope"
case .hsc_sum: return "Hubble Source Catalog Summary table"
case .hsc: return "Hubble Source Catalog Detailed table"
case .kepler tables: return ""
case .kepler data: return "Data search (kepler/data_search)"
case .kepler_fov: return "Target search,replaces kepler_fov_enh (kepler/kepler_fov)"
case .kic10: return "Kepler Input Catalog (kepler/kic10)"
case .kgmatch: return "Kepler/Galex Cross match (kepler/kgmatch)"
case .kepler KOI planets: return "Kepler Confirmed Planets (with KOI-based data) (kepler/confirmed_planets)"
case .kepler published planets: return "Kepler Confirmed Planets (with published data) (kepler/published_planets)"
case .KOI: return "Kepler Objects of Interest (kepler/koi)"
case .ffi: return "FFIs (kepler/ffi)"
case .k2 tables: return ""
case .epic: return "Ecliptic Plane Input Catalog (k2/epic)"
case .k2 data: return "Data Search (k2/data_search)"
case .k2 planets: return "K2 planets (k2/published_planets)"
case .ffi: return "FFIs (k2/ffi)"
case .iue: return "International Ultraviolet Explorer"
case .hut: return "Hopkins Ultraviolet Telescope"
case .euve: return "Extreme Ultraviolet Explorer"
case .fuse: return "Far-UV Spectroscopic Explorer"
case .uit: return "Ultraviolet Imageing Telescope"
case .wuppe: return "Wisconsin UV Photo-Polarimeter Explorer"
case .befs: return "Berkeley Extreme and Far-UV"
case .tues: return "Tübingen Echelle Spectrograph"
case .imaps: return "Interstellar Medium Absorption Profile Spectrograph"
case .hlsp: return "High Level Science Products"
case .pointings: return "HST Image Data grouped by position"
case .copernicus: return "Copernicus Satellite"
case .hpol: return "ground based spetropolarimater"
case .vlafirst: return "VLA Faint Images of the Radio Sky (21-cm)"
case .xmm-om: return "X-ray Multi-Mirror Telescope Optical Monitor"
case .swift_uvot: return "Swift UV/optical Telescope" 
 }
}
}
